2023-05-25 12:39:59 DEBUG InternalLoggerFactory:89 - Using Log4J as the default logging framework
2023-05-25 12:39:59 DEBUG ResourceLeakDetector:129 - -Dio.netty.leakDetection.level: simple
2023-05-25 12:39:59 DEBUG ResourceLeakDetector:130 - -Dio.netty.leakDetection.targetRecords: 4
2023-05-25 12:39:59 DEBUG ResourceLeakDetectorFactory:196 - Loaded default ResourceLeakDetector: io.netty.util.ResourceLeakDetector@24fb6a80
2023-05-25 12:39:59 DEBUG PlatformDependent0:496 - -Dio.netty.noUnsafe: false
2023-05-25 12:39:59 DEBUG PlatformDependent0:1000 - Java version: 17
2023-05-25 12:39:59 DEBUG PlatformDependent0:137 - sun.misc.Unsafe.theUnsafe: available
2023-05-25 12:39:59 DEBUG PlatformDependent0:161 - sun.misc.Unsafe.copyMemory: available
2023-05-25 12:39:59 DEBUG PlatformDependent0:193 - sun.misc.Unsafe.storeFence: available
2023-05-25 12:39:59 DEBUG PlatformDependent0:236 - java.nio.Buffer.address: available
2023-05-25 12:39:59 DEBUG PlatformDependent0:320 - direct buffer constructor: unavailable: Reflective setAccessible(true) disabled
2023-05-25 12:39:59 DEBUG PlatformDependent0:385 - java.nio.Bits.unaligned: available, true
2023-05-25 12:39:59 DEBUG PlatformDependent0:452 - jdk.internal.misc.Unsafe.allocateUninitializedArray(int): unavailable: class io.netty.util.internal.PlatformDependent0$7 cannot access class jdk.internal.misc.Unsafe (in module java.base) because module java.base does not export jdk.internal.misc to unnamed module @7ab2bfe1
2023-05-25 12:39:59 DEBUG PlatformDependent0:482 - java.nio.DirectByteBuffer.<init>(long, int): unavailable
2023-05-25 12:39:59 DEBUG PlatformDependent:1159 - sun.misc.Unsafe: available
2023-05-25 12:39:59 DEBUG PlatformDependent:1270 - maxDirectMemory: 2122317824 bytes (maybe)
2023-05-25 12:39:59 DEBUG PlatformDependent:1289 - -Dio.netty.tmpdir: C:\Users\Admin\AppData\Local\Temp (java.io.tmpdir)
2023-05-25 12:39:59 DEBUG PlatformDependent:1368 - -Dio.netty.bitMode: 64 (sun.arch.data.model)
2023-05-25 12:39:59 DEBUG PlatformDependent:1119 - Platform: Windows
2023-05-25 12:39:59 DEBUG PlatformDependent:178 - -Dio.netty.maxDirectMemory: -1 bytes
2023-05-25 12:39:59 DEBUG PlatformDependent:185 - -Dio.netty.uninitializedArrayAllocationThreshold: -1
2023-05-25 12:39:59 DEBUG CleanerJava9:71 - java.nio.ByteBuffer.cleaner(): available
2023-05-25 12:39:59 DEBUG PlatformDependent:205 - -Dio.netty.noPreferDirect: false
2023-05-25 12:39:59 DEBUG PlatformDependent:1010 - org.jctools-core.MpscChunkedArrayQueue: available
2023-05-25 12:39:59 DEBUG InternalThreadLocalMap:100 - -Dio.netty.threadLocalMap.stringBuilder.initialSize: 1024
2023-05-25 12:39:59 DEBUG InternalThreadLocalMap:101 - -Dio.netty.threadLocalMap.stringBuilder.maxSize: 4096
2023-05-25 12:40:00 DEBUG JdkSslContext:83 - Default protocols (JDK): [TLSv1.3, TLSv1.2] 
2023-05-25 12:40:00 DEBUG JdkSslContext:84 - Default cipher suites (JDK): [TLS_ECDHE_ECDSA_WITH_AES_256_GCM_SHA384, TLS_ECDHE_ECDSA_WITH_AES_128_GCM_SHA256, TLS_ECDHE_RSA_WITH_AES_128_GCM_SHA256, TLS_ECDHE_RSA_WITH_AES_256_GCM_SHA384, TLS_ECDHE_RSA_WITH_AES_128_CBC_SHA, TLS_ECDHE_RSA_WITH_AES_256_CBC_SHA, TLS_RSA_WITH_AES_128_GCM_SHA256, TLS_RSA_WITH_AES_128_CBC_SHA, TLS_RSA_WITH_AES_256_CBC_SHA, TLS_AES_128_GCM_SHA256, TLS_AES_256_GCM_SHA384]
2023-05-25 12:40:00 DEBUG GlobalEventExecutor:53 - -Dio.netty.globalEventExecutor.quietPeriodSeconds: 1
2023-05-25 12:40:00 DEBUG MultithreadEventLoopGroup:44 - -Dio.netty.eventLoopThreads: 12
2023-05-25 12:40:00 DEBUG NioEventLoop:110 - -Dio.netty.noKeySetOptimization: false
2023-05-25 12:40:00 DEBUG NioEventLoop:111 - -Dio.netty.selectorAutoRebuildThreshold: 512
2023-05-25 12:40:00 DEBUG PooledByteBufAllocator:157 - -Dio.netty.allocator.numHeapArenas: 12
2023-05-25 12:40:00 DEBUG PooledByteBufAllocator:158 - -Dio.netty.allocator.numDirectArenas: 12
2023-05-25 12:40:00 DEBUG PooledByteBufAllocator:160 - -Dio.netty.allocator.pageSize: 8192
2023-05-25 12:40:00 DEBUG PooledByteBufAllocator:165 - -Dio.netty.allocator.maxOrder: 9
2023-05-25 12:40:00 DEBUG PooledByteBufAllocator:169 - -Dio.netty.allocator.chunkSize: 4194304
2023-05-25 12:40:00 DEBUG PooledByteBufAllocator:170 - -Dio.netty.allocator.smallCacheSize: 256
2023-05-25 12:40:00 DEBUG PooledByteBufAllocator:171 - -Dio.netty.allocator.normalCacheSize: 64
2023-05-25 12:40:00 DEBUG PooledByteBufAllocator:172 - -Dio.netty.allocator.maxCachedBufferCapacity: 32768
2023-05-25 12:40:00 DEBUG PooledByteBufAllocator:173 - -Dio.netty.allocator.cacheTrimInterval: 8192
2023-05-25 12:40:00 DEBUG PooledByteBufAllocator:174 - -Dio.netty.allocator.cacheTrimIntervalMillis: 0
2023-05-25 12:40:00 DEBUG PooledByteBufAllocator:175 - -Dio.netty.allocator.useCacheForAllThreads: false
2023-05-25 12:40:00 DEBUG PooledByteBufAllocator:176 - -Dio.netty.allocator.maxCachedByteBuffersPerChunk: 1023
2023-05-25 12:40:00 DEBUG ByteBufUtil:88 - -Dio.netty.allocator.type: pooled
2023-05-25 12:40:00 DEBUG ByteBufUtil:97 - -Dio.netty.threadLocalDirectBufferSize: 0
2023-05-25 12:40:00 DEBUG ByteBufUtil:100 - -Dio.netty.maxThreadLocalCharBufferSize: 16384
2023-05-25 12:40:00 DEBUG DefaultChannelId:79 - -Dio.netty.processId: 16388 (auto-detected)
2023-05-25 12:40:00 DEBUG NetUtil:148 - -Djava.net.preferIPv4Stack: false
2023-05-25 12:40:00 DEBUG NetUtil:149 - -Djava.net.preferIPv6Addresses: false
2023-05-25 12:40:00 DEBUG NetUtilInitializations:145 - Loopback interface: lo (Software Loopback Interface 1, 127.0.0.1)
2023-05-25 12:40:00 DEBUG NetUtil:206 - Failed to get SOMAXCONN from sysctl and file \proc\sys\net\core\somaxconn. Default: 200
2023-05-25 12:40:00 DEBUG DefaultChannelId:101 - -Dio.netty.machineId: e0:be:03:ff:fe:16:6c:a6 (auto-detected)
2023-05-25 12:40:00 DEBUG AbstractByteBuf:63 - -Dio.netty.buffer.checkAccessible: true
2023-05-25 12:40:00 DEBUG AbstractByteBuf:64 - -Dio.netty.buffer.checkBounds: true
2023-05-25 12:40:00 DEBUG ResourceLeakDetectorFactory:196 - Loaded default ResourceLeakDetector: io.netty.util.ResourceLeakDetector@4b2b2a33
2023-05-25 12:40:00 DEBUG Recycler:96 - -Dio.netty.recycler.maxCapacityPerThread: 4096
2023-05-25 12:40:00 DEBUG Recycler:97 - -Dio.netty.recycler.ratio: 8
2023-05-25 12:40:00 DEBUG Recycler:98 - -Dio.netty.recycler.chunkSize: 32
2023-05-25 12:40:00 DEBUG Recycler:99 - -Dio.netty.recycler.blocking: false
2023-05-25 12:40:00 DEBUG Recycler:100 - -Dio.netty.recycler.batchFastThreadLocalOnly: true
2023-05-25 12:40:01 DEBUG Brotli:38 - brotli4j not in the classpath; Brotli support will be unavailable.
2023-05-25 12:40:01 DEBUG ThreadLocalRandom:214 - -Dio.netty.initialSeedUniquifier: 0xcb25515175d20777
2023-05-25 12:40:16 INFO  Log:9 - ==========================My titleStartTest==================
2023-05-25 12:40:16 INFO  Log:13 - ==========================MyTitleEndTest==================
2023-05-25 12:40:16 INFO  Log:9 - ==========================searchFlightStartTest==================
2023-05-25 12:40:33 INFO  Log:13 - ==========================searchFlightEndTest==================
2023-05-25 14:10:32 DEBUG InternalLoggerFactory:89 - Using Log4J as the default logging framework
2023-05-25 14:10:32 DEBUG ResourceLeakDetector:129 - -Dio.netty.leakDetection.level: simple
2023-05-25 14:10:32 DEBUG ResourceLeakDetector:130 - -Dio.netty.leakDetection.targetRecords: 4
2023-05-25 14:10:32 DEBUG ResourceLeakDetectorFactory:196 - Loaded default ResourceLeakDetector: io.netty.util.ResourceLeakDetector@4fdf8f12
2023-05-25 14:10:32 DEBUG PlatformDependent0:496 - -Dio.netty.noUnsafe: false
2023-05-25 14:10:32 DEBUG PlatformDependent0:1000 - Java version: 17
2023-05-25 14:10:32 DEBUG PlatformDependent0:137 - sun.misc.Unsafe.theUnsafe: available
2023-05-25 14:10:32 DEBUG PlatformDependent0:161 - sun.misc.Unsafe.copyMemory: available
2023-05-25 14:10:32 DEBUG PlatformDependent0:193 - sun.misc.Unsafe.storeFence: available
2023-05-25 14:10:32 DEBUG PlatformDependent0:236 - java.nio.Buffer.address: available
2023-05-25 14:10:32 DEBUG PlatformDependent0:320 - direct buffer constructor: unavailable: Reflective setAccessible(true) disabled
2023-05-25 14:10:32 DEBUG PlatformDependent0:385 - java.nio.Bits.unaligned: available, true
2023-05-25 14:10:32 DEBUG PlatformDependent0:452 - jdk.internal.misc.Unsafe.allocateUninitializedArray(int): unavailable: class io.netty.util.internal.PlatformDependent0$7 cannot access class jdk.internal.misc.Unsafe (in module java.base) because module java.base does not export jdk.internal.misc to unnamed module @7ab2bfe1
2023-05-25 14:10:32 DEBUG PlatformDependent0:482 - java.nio.DirectByteBuffer.<init>(long, int): unavailable
2023-05-25 14:10:32 DEBUG PlatformDependent:1159 - sun.misc.Unsafe: available
2023-05-25 14:10:32 DEBUG PlatformDependent:1270 - maxDirectMemory: 2122317824 bytes (maybe)
2023-05-25 14:10:32 DEBUG PlatformDependent:1289 - -Dio.netty.tmpdir: C:\Users\Admin\AppData\Local\Temp (java.io.tmpdir)
2023-05-25 14:10:32 DEBUG PlatformDependent:1368 - -Dio.netty.bitMode: 64 (sun.arch.data.model)
2023-05-25 14:10:32 DEBUG PlatformDependent:1119 - Platform: Windows
2023-05-25 14:10:32 DEBUG PlatformDependent:178 - -Dio.netty.maxDirectMemory: -1 bytes
2023-05-25 14:10:32 DEBUG PlatformDependent:185 - -Dio.netty.uninitializedArrayAllocationThreshold: -1
2023-05-25 14:10:32 DEBUG CleanerJava9:71 - java.nio.ByteBuffer.cleaner(): available
2023-05-25 14:10:32 DEBUG PlatformDependent:205 - -Dio.netty.noPreferDirect: false
2023-05-25 14:10:32 DEBUG PlatformDependent:1010 - org.jctools-core.MpscChunkedArrayQueue: available
2023-05-25 14:10:32 DEBUG InternalThreadLocalMap:100 - -Dio.netty.threadLocalMap.stringBuilder.initialSize: 1024
2023-05-25 14:10:32 DEBUG InternalThreadLocalMap:101 - -Dio.netty.threadLocalMap.stringBuilder.maxSize: 4096
2023-05-25 14:10:32 DEBUG JdkSslContext:83 - Default protocols (JDK): [TLSv1.3, TLSv1.2] 
2023-05-25 14:10:32 DEBUG JdkSslContext:84 - Default cipher suites (JDK): [TLS_ECDHE_ECDSA_WITH_AES_256_GCM_SHA384, TLS_ECDHE_ECDSA_WITH_AES_128_GCM_SHA256, TLS_ECDHE_RSA_WITH_AES_128_GCM_SHA256, TLS_ECDHE_RSA_WITH_AES_256_GCM_SHA384, TLS_ECDHE_RSA_WITH_AES_128_CBC_SHA, TLS_ECDHE_RSA_WITH_AES_256_CBC_SHA, TLS_RSA_WITH_AES_128_GCM_SHA256, TLS_RSA_WITH_AES_128_CBC_SHA, TLS_RSA_WITH_AES_256_CBC_SHA, TLS_AES_128_GCM_SHA256, TLS_AES_256_GCM_SHA384]
2023-05-25 14:10:32 DEBUG GlobalEventExecutor:53 - -Dio.netty.globalEventExecutor.quietPeriodSeconds: 1
2023-05-25 14:10:32 DEBUG MultithreadEventLoopGroup:44 - -Dio.netty.eventLoopThreads: 12
2023-05-25 14:10:32 DEBUG NioEventLoop:110 - -Dio.netty.noKeySetOptimization: false
2023-05-25 14:10:32 DEBUG NioEventLoop:111 - -Dio.netty.selectorAutoRebuildThreshold: 512
2023-05-25 14:10:32 DEBUG PooledByteBufAllocator:157 - -Dio.netty.allocator.numHeapArenas: 12
2023-05-25 14:10:32 DEBUG PooledByteBufAllocator:158 - -Dio.netty.allocator.numDirectArenas: 12
2023-05-25 14:10:32 DEBUG PooledByteBufAllocator:160 - -Dio.netty.allocator.pageSize: 8192
2023-05-25 14:10:32 DEBUG PooledByteBufAllocator:165 - -Dio.netty.allocator.maxOrder: 9
2023-05-25 14:10:32 DEBUG PooledByteBufAllocator:169 - -Dio.netty.allocator.chunkSize: 4194304
2023-05-25 14:10:32 DEBUG PooledByteBufAllocator:170 - -Dio.netty.allocator.smallCacheSize: 256
2023-05-25 14:10:32 DEBUG PooledByteBufAllocator:171 - -Dio.netty.allocator.normalCacheSize: 64
2023-05-25 14:10:32 DEBUG PooledByteBufAllocator:172 - -Dio.netty.allocator.maxCachedBufferCapacity: 32768
2023-05-25 14:10:32 DEBUG PooledByteBufAllocator:173 - -Dio.netty.allocator.cacheTrimInterval: 8192
2023-05-25 14:10:32 DEBUG PooledByteBufAllocator:174 - -Dio.netty.allocator.cacheTrimIntervalMillis: 0
2023-05-25 14:10:32 DEBUG PooledByteBufAllocator:175 - -Dio.netty.allocator.useCacheForAllThreads: false
2023-05-25 14:10:32 DEBUG PooledByteBufAllocator:176 - -Dio.netty.allocator.maxCachedByteBuffersPerChunk: 1023
2023-05-25 14:10:32 DEBUG ByteBufUtil:88 - -Dio.netty.allocator.type: pooled
2023-05-25 14:10:32 DEBUG ByteBufUtil:97 - -Dio.netty.threadLocalDirectBufferSize: 0
2023-05-25 14:10:32 DEBUG ByteBufUtil:100 - -Dio.netty.maxThreadLocalCharBufferSize: 16384
2023-05-25 14:10:33 DEBUG DefaultChannelId:79 - -Dio.netty.processId: 6708 (auto-detected)
2023-05-25 14:10:33 DEBUG NetUtil:148 - -Djava.net.preferIPv4Stack: false
2023-05-25 14:10:33 DEBUG NetUtil:149 - -Djava.net.preferIPv6Addresses: false
2023-05-25 14:10:33 DEBUG NetUtilInitializations:145 - Loopback interface: lo (Software Loopback Interface 1, 127.0.0.1)
2023-05-25 14:10:33 DEBUG NetUtil:206 - Failed to get SOMAXCONN from sysctl and file \proc\sys\net\core\somaxconn. Default: 200
2023-05-25 14:10:33 DEBUG DefaultChannelId:101 - -Dio.netty.machineId: e0:be:03:ff:fe:16:6c:a6 (auto-detected)
2023-05-25 14:10:33 DEBUG AbstractByteBuf:63 - -Dio.netty.buffer.checkAccessible: true
2023-05-25 14:10:33 DEBUG AbstractByteBuf:64 - -Dio.netty.buffer.checkBounds: true
2023-05-25 14:10:33 DEBUG ResourceLeakDetectorFactory:196 - Loaded default ResourceLeakDetector: io.netty.util.ResourceLeakDetector@43a1c503
2023-05-25 14:10:33 DEBUG Recycler:96 - -Dio.netty.recycler.maxCapacityPerThread: 4096
2023-05-25 14:10:33 DEBUG Recycler:97 - -Dio.netty.recycler.ratio: 8
2023-05-25 14:10:33 DEBUG Recycler:98 - -Dio.netty.recycler.chunkSize: 32
2023-05-25 14:10:33 DEBUG Recycler:99 - -Dio.netty.recycler.blocking: false
2023-05-25 14:10:33 DEBUG Recycler:100 - -Dio.netty.recycler.batchFastThreadLocalOnly: true
2023-05-25 14:10:39 DEBUG Brotli:38 - brotli4j not in the classpath; Brotli support will be unavailable.
2023-05-25 14:10:44 DEBUG ThreadLocalRandom:214 - -Dio.netty.initialSeedUniquifier: 0xa7d8279835b3f6c8
2023-05-25 14:11:51 INFO  Log:9 - ==========================My titleStartTest==================
2023-05-25 14:11:51 INFO  Log:13 - ==========================MyTitleEndTest==================
2023-05-25 14:11:52 INFO  Log:9 - ==========================searchFlightStartTest==================
2023-05-25 14:20:38 DEBUG InternalLoggerFactory:89 - Using Log4J as the default logging framework
2023-05-25 14:20:38 DEBUG ResourceLeakDetector:129 - -Dio.netty.leakDetection.level: simple
2023-05-25 14:20:38 DEBUG ResourceLeakDetector:130 - -Dio.netty.leakDetection.targetRecords: 4
2023-05-25 14:20:38 DEBUG ResourceLeakDetectorFactory:196 - Loaded default ResourceLeakDetector: io.netty.util.ResourceLeakDetector@21d8bcbe
2023-05-25 14:20:38 DEBUG PlatformDependent0:496 - -Dio.netty.noUnsafe: false
2023-05-25 14:20:38 DEBUG PlatformDependent0:1000 - Java version: 17
2023-05-25 14:20:38 DEBUG PlatformDependent0:137 - sun.misc.Unsafe.theUnsafe: available
2023-05-25 14:20:38 DEBUG PlatformDependent0:161 - sun.misc.Unsafe.copyMemory: available
2023-05-25 14:20:38 DEBUG PlatformDependent0:193 - sun.misc.Unsafe.storeFence: available
2023-05-25 14:20:38 DEBUG PlatformDependent0:236 - java.nio.Buffer.address: available
2023-05-25 14:20:38 DEBUG PlatformDependent0:320 - direct buffer constructor: unavailable: Reflective setAccessible(true) disabled
2023-05-25 14:20:38 DEBUG PlatformDependent0:385 - java.nio.Bits.unaligned: available, true
2023-05-25 14:20:38 DEBUG PlatformDependent0:452 - jdk.internal.misc.Unsafe.allocateUninitializedArray(int): unavailable: class io.netty.util.internal.PlatformDependent0$7 cannot access class jdk.internal.misc.Unsafe (in module java.base) because module java.base does not export jdk.internal.misc to unnamed module @7ab2bfe1
2023-05-25 14:20:38 DEBUG PlatformDependent0:482 - java.nio.DirectByteBuffer.<init>(long, int): unavailable
2023-05-25 14:20:38 DEBUG PlatformDependent:1159 - sun.misc.Unsafe: available
2023-05-25 14:20:38 DEBUG PlatformDependent:1270 - maxDirectMemory: 2122317824 bytes (maybe)
2023-05-25 14:20:38 DEBUG PlatformDependent:1289 - -Dio.netty.tmpdir: C:\Users\Admin\AppData\Local\Temp (java.io.tmpdir)
2023-05-25 14:20:38 DEBUG PlatformDependent:1368 - -Dio.netty.bitMode: 64 (sun.arch.data.model)
2023-05-25 14:20:38 DEBUG PlatformDependent:1119 - Platform: Windows
2023-05-25 14:20:38 DEBUG PlatformDependent:178 - -Dio.netty.maxDirectMemory: -1 bytes
2023-05-25 14:20:38 DEBUG PlatformDependent:185 - -Dio.netty.uninitializedArrayAllocationThreshold: -1
2023-05-25 14:20:38 DEBUG CleanerJava9:71 - java.nio.ByteBuffer.cleaner(): available
2023-05-25 14:20:38 DEBUG PlatformDependent:205 - -Dio.netty.noPreferDirect: false
2023-05-25 14:20:38 DEBUG PlatformDependent:1010 - org.jctools-core.MpscChunkedArrayQueue: available
2023-05-25 14:20:38 DEBUG InternalThreadLocalMap:100 - -Dio.netty.threadLocalMap.stringBuilder.initialSize: 1024
2023-05-25 14:20:38 DEBUG InternalThreadLocalMap:101 - -Dio.netty.threadLocalMap.stringBuilder.maxSize: 4096
2023-05-25 14:20:38 DEBUG JdkSslContext:83 - Default protocols (JDK): [TLSv1.3, TLSv1.2] 
2023-05-25 14:20:38 DEBUG JdkSslContext:84 - Default cipher suites (JDK): [TLS_ECDHE_ECDSA_WITH_AES_256_GCM_SHA384, TLS_ECDHE_ECDSA_WITH_AES_128_GCM_SHA256, TLS_ECDHE_RSA_WITH_AES_128_GCM_SHA256, TLS_ECDHE_RSA_WITH_AES_256_GCM_SHA384, TLS_ECDHE_RSA_WITH_AES_128_CBC_SHA, TLS_ECDHE_RSA_WITH_AES_256_CBC_SHA, TLS_RSA_WITH_AES_128_GCM_SHA256, TLS_RSA_WITH_AES_128_CBC_SHA, TLS_RSA_WITH_AES_256_CBC_SHA, TLS_AES_128_GCM_SHA256, TLS_AES_256_GCM_SHA384]
2023-05-25 14:20:38 DEBUG GlobalEventExecutor:53 - -Dio.netty.globalEventExecutor.quietPeriodSeconds: 1
2023-05-25 14:20:38 DEBUG MultithreadEventLoopGroup:44 - -Dio.netty.eventLoopThreads: 12
2023-05-25 14:20:38 DEBUG NioEventLoop:110 - -Dio.netty.noKeySetOptimization: false
2023-05-25 14:20:38 DEBUG NioEventLoop:111 - -Dio.netty.selectorAutoRebuildThreshold: 512
2023-05-25 14:20:38 DEBUG PooledByteBufAllocator:157 - -Dio.netty.allocator.numHeapArenas: 12
2023-05-25 14:20:38 DEBUG PooledByteBufAllocator:158 - -Dio.netty.allocator.numDirectArenas: 12
2023-05-25 14:20:38 DEBUG PooledByteBufAllocator:160 - -Dio.netty.allocator.pageSize: 8192
2023-05-25 14:20:38 DEBUG PooledByteBufAllocator:165 - -Dio.netty.allocator.maxOrder: 9
2023-05-25 14:20:38 DEBUG PooledByteBufAllocator:169 - -Dio.netty.allocator.chunkSize: 4194304
2023-05-25 14:20:38 DEBUG PooledByteBufAllocator:170 - -Dio.netty.allocator.smallCacheSize: 256
2023-05-25 14:20:38 DEBUG PooledByteBufAllocator:171 - -Dio.netty.allocator.normalCacheSize: 64
2023-05-25 14:20:38 DEBUG PooledByteBufAllocator:172 - -Dio.netty.allocator.maxCachedBufferCapacity: 32768
2023-05-25 14:20:38 DEBUG PooledByteBufAllocator:173 - -Dio.netty.allocator.cacheTrimInterval: 8192
2023-05-25 14:20:38 DEBUG PooledByteBufAllocator:174 - -Dio.netty.allocator.cacheTrimIntervalMillis: 0
2023-05-25 14:20:38 DEBUG PooledByteBufAllocator:175 - -Dio.netty.allocator.useCacheForAllThreads: false
2023-05-25 14:20:38 DEBUG PooledByteBufAllocator:176 - -Dio.netty.allocator.maxCachedByteBuffersPerChunk: 1023
2023-05-25 14:20:38 DEBUG ByteBufUtil:88 - -Dio.netty.allocator.type: pooled
2023-05-25 14:20:38 DEBUG ByteBufUtil:97 - -Dio.netty.threadLocalDirectBufferSize: 0
2023-05-25 14:20:38 DEBUG ByteBufUtil:100 - -Dio.netty.maxThreadLocalCharBufferSize: 16384
2023-05-25 14:20:39 DEBUG DefaultChannelId:79 - -Dio.netty.processId: 18892 (auto-detected)
2023-05-25 14:20:39 DEBUG NetUtil:148 - -Djava.net.preferIPv4Stack: false
2023-05-25 14:20:39 DEBUG NetUtil:149 - -Djava.net.preferIPv6Addresses: false
2023-05-25 14:20:39 DEBUG NetUtilInitializations:145 - Loopback interface: lo (Software Loopback Interface 1, 127.0.0.1)
2023-05-25 14:20:39 DEBUG NetUtil:206 - Failed to get SOMAXCONN from sysctl and file \proc\sys\net\core\somaxconn. Default: 200
2023-05-25 14:20:39 DEBUG DefaultChannelId:101 - -Dio.netty.machineId: e0:be:03:ff:fe:16:6c:a6 (auto-detected)
2023-05-25 14:20:39 DEBUG AbstractByteBuf:63 - -Dio.netty.buffer.checkAccessible: true
2023-05-25 14:20:39 DEBUG AbstractByteBuf:64 - -Dio.netty.buffer.checkBounds: true
2023-05-25 14:20:39 DEBUG ResourceLeakDetectorFactory:196 - Loaded default ResourceLeakDetector: io.netty.util.ResourceLeakDetector@4bb283c4
2023-05-25 14:20:39 DEBUG Recycler:96 - -Dio.netty.recycler.maxCapacityPerThread: 4096
2023-05-25 14:20:39 DEBUG Recycler:97 - -Dio.netty.recycler.ratio: 8
2023-05-25 14:20:39 DEBUG Recycler:98 - -Dio.netty.recycler.chunkSize: 32
2023-05-25 14:20:39 DEBUG Recycler:99 - -Dio.netty.recycler.blocking: false
2023-05-25 14:20:39 DEBUG Recycler:100 - -Dio.netty.recycler.batchFastThreadLocalOnly: true
2023-05-25 14:20:42 DEBUG Brotli:38 - brotli4j not in the classpath; Brotli support will be unavailable.
2023-05-25 14:20:44 DEBUG ThreadLocalRandom:214 - -Dio.netty.initialSeedUniquifier: 0x0a84a46a7257ff8e
2023-05-25 14:20:50 INFO  Log:9 - ==========================My titleStartTest==================
2023-05-25 14:20:50 INFO  Log:13 - ==========================MyTitleEndTest==================
2023-05-25 14:20:50 INFO  Log:9 - ==========================searchFlightStartTest==================
2023-05-25 14:28:29 INFO  Log:17 - onStart method started
2023-05-25 14:28:29 DEBUG InternalLoggerFactory:89 - Using Log4J as the default logging framework
2023-05-25 14:28:29 DEBUG ResourceLeakDetector:129 - -Dio.netty.leakDetection.level: simple
2023-05-25 14:28:29 DEBUG ResourceLeakDetector:130 - -Dio.netty.leakDetection.targetRecords: 4
2023-05-25 14:28:29 DEBUG ResourceLeakDetectorFactory:196 - Loaded default ResourceLeakDetector: io.netty.util.ResourceLeakDetector@6722db6e
2023-05-25 14:28:29 DEBUG PlatformDependent0:496 - -Dio.netty.noUnsafe: false
2023-05-25 14:28:29 DEBUG PlatformDependent0:1000 - Java version: 17
2023-05-25 14:28:29 DEBUG PlatformDependent0:137 - sun.misc.Unsafe.theUnsafe: available
2023-05-25 14:28:29 DEBUG PlatformDependent0:161 - sun.misc.Unsafe.copyMemory: available
2023-05-25 14:28:29 DEBUG PlatformDependent0:193 - sun.misc.Unsafe.storeFence: available
2023-05-25 14:28:29 DEBUG PlatformDependent0:236 - java.nio.Buffer.address: available
2023-05-25 14:28:29 DEBUG PlatformDependent0:320 - direct buffer constructor: unavailable: Reflective setAccessible(true) disabled
2023-05-25 14:28:29 DEBUG PlatformDependent0:385 - java.nio.Bits.unaligned: available, true
2023-05-25 14:28:29 DEBUG PlatformDependent0:452 - jdk.internal.misc.Unsafe.allocateUninitializedArray(int): unavailable: class io.netty.util.internal.PlatformDependent0$7 cannot access class jdk.internal.misc.Unsafe (in module java.base) because module java.base does not export jdk.internal.misc to unnamed module @7ab2bfe1
2023-05-25 14:28:29 DEBUG PlatformDependent0:482 - java.nio.DirectByteBuffer.<init>(long, int): unavailable
2023-05-25 14:28:29 DEBUG PlatformDependent:1159 - sun.misc.Unsafe: available
2023-05-25 14:28:29 DEBUG PlatformDependent:1270 - maxDirectMemory: 2122317824 bytes (maybe)
2023-05-25 14:28:29 DEBUG PlatformDependent:1289 - -Dio.netty.tmpdir: C:\Users\Admin\AppData\Local\Temp (java.io.tmpdir)
2023-05-25 14:28:29 DEBUG PlatformDependent:1368 - -Dio.netty.bitMode: 64 (sun.arch.data.model)
2023-05-25 14:28:29 DEBUG PlatformDependent:1119 - Platform: Windows
2023-05-25 14:28:29 DEBUG PlatformDependent:178 - -Dio.netty.maxDirectMemory: -1 bytes
2023-05-25 14:28:29 DEBUG PlatformDependent:185 - -Dio.netty.uninitializedArrayAllocationThreshold: -1
2023-05-25 14:28:29 DEBUG CleanerJava9:71 - java.nio.ByteBuffer.cleaner(): available
2023-05-25 14:28:29 DEBUG PlatformDependent:205 - -Dio.netty.noPreferDirect: false
2023-05-25 14:28:29 DEBUG PlatformDependent:1010 - org.jctools-core.MpscChunkedArrayQueue: available
2023-05-25 14:28:29 DEBUG InternalThreadLocalMap:100 - -Dio.netty.threadLocalMap.stringBuilder.initialSize: 1024
2023-05-25 14:28:29 DEBUG InternalThreadLocalMap:101 - -Dio.netty.threadLocalMap.stringBuilder.maxSize: 4096
2023-05-25 14:28:29 DEBUG JdkSslContext:83 - Default protocols (JDK): [TLSv1.3, TLSv1.2] 
2023-05-25 14:28:29 DEBUG JdkSslContext:84 - Default cipher suites (JDK): [TLS_ECDHE_ECDSA_WITH_AES_256_GCM_SHA384, TLS_ECDHE_ECDSA_WITH_AES_128_GCM_SHA256, TLS_ECDHE_RSA_WITH_AES_128_GCM_SHA256, TLS_ECDHE_RSA_WITH_AES_256_GCM_SHA384, TLS_ECDHE_RSA_WITH_AES_128_CBC_SHA, TLS_ECDHE_RSA_WITH_AES_256_CBC_SHA, TLS_RSA_WITH_AES_128_GCM_SHA256, TLS_RSA_WITH_AES_128_CBC_SHA, TLS_RSA_WITH_AES_256_CBC_SHA, TLS_AES_128_GCM_SHA256, TLS_AES_256_GCM_SHA384]
2023-05-25 14:28:29 DEBUG GlobalEventExecutor:53 - -Dio.netty.globalEventExecutor.quietPeriodSeconds: 1
2023-05-25 14:28:29 DEBUG MultithreadEventLoopGroup:44 - -Dio.netty.eventLoopThreads: 12
2023-05-25 14:28:29 DEBUG NioEventLoop:110 - -Dio.netty.noKeySetOptimization: false
2023-05-25 14:28:29 DEBUG NioEventLoop:111 - -Dio.netty.selectorAutoRebuildThreshold: 512
2023-05-25 14:28:29 DEBUG PooledByteBufAllocator:157 - -Dio.netty.allocator.numHeapArenas: 12
2023-05-25 14:28:29 DEBUG PooledByteBufAllocator:158 - -Dio.netty.allocator.numDirectArenas: 12
2023-05-25 14:28:29 DEBUG PooledByteBufAllocator:160 - -Dio.netty.allocator.pageSize: 8192
2023-05-25 14:28:29 DEBUG PooledByteBufAllocator:165 - -Dio.netty.allocator.maxOrder: 9
2023-05-25 14:28:29 DEBUG PooledByteBufAllocator:169 - -Dio.netty.allocator.chunkSize: 4194304
2023-05-25 14:28:29 DEBUG PooledByteBufAllocator:170 - -Dio.netty.allocator.smallCacheSize: 256
2023-05-25 14:28:29 DEBUG PooledByteBufAllocator:171 - -Dio.netty.allocator.normalCacheSize: 64
2023-05-25 14:28:29 DEBUG PooledByteBufAllocator:172 - -Dio.netty.allocator.maxCachedBufferCapacity: 32768
2023-05-25 14:28:29 DEBUG PooledByteBufAllocator:173 - -Dio.netty.allocator.cacheTrimInterval: 8192
2023-05-25 14:28:29 DEBUG PooledByteBufAllocator:174 - -Dio.netty.allocator.cacheTrimIntervalMillis: 0
2023-05-25 14:28:29 DEBUG PooledByteBufAllocator:175 - -Dio.netty.allocator.useCacheForAllThreads: false
2023-05-25 14:28:29 DEBUG PooledByteBufAllocator:176 - -Dio.netty.allocator.maxCachedByteBuffersPerChunk: 1023
2023-05-25 14:28:29 DEBUG ByteBufUtil:88 - -Dio.netty.allocator.type: pooled
2023-05-25 14:28:29 DEBUG ByteBufUtil:97 - -Dio.netty.threadLocalDirectBufferSize: 0
2023-05-25 14:28:29 DEBUG ByteBufUtil:100 - -Dio.netty.maxThreadLocalCharBufferSize: 16384
2023-05-25 14:28:29 DEBUG DefaultChannelId:79 - -Dio.netty.processId: 18008 (auto-detected)
2023-05-25 14:28:29 DEBUG NetUtil:148 - -Djava.net.preferIPv4Stack: false
2023-05-25 14:28:29 DEBUG NetUtil:149 - -Djava.net.preferIPv6Addresses: false
2023-05-25 14:28:29 DEBUG NetUtilInitializations:145 - Loopback interface: lo (Software Loopback Interface 1, 127.0.0.1)
2023-05-25 14:28:29 DEBUG NetUtil:206 - Failed to get SOMAXCONN from sysctl and file \proc\sys\net\core\somaxconn. Default: 200
2023-05-25 14:28:29 DEBUG DefaultChannelId:101 - -Dio.netty.machineId: e0:be:03:ff:fe:16:6c:a6 (auto-detected)
2023-05-25 14:28:30 DEBUG AbstractByteBuf:63 - -Dio.netty.buffer.checkAccessible: true
2023-05-25 14:28:30 DEBUG AbstractByteBuf:64 - -Dio.netty.buffer.checkBounds: true
2023-05-25 14:28:30 DEBUG ResourceLeakDetectorFactory:196 - Loaded default ResourceLeakDetector: io.netty.util.ResourceLeakDetector@66ad0d19
2023-05-25 14:28:30 DEBUG Recycler:96 - -Dio.netty.recycler.maxCapacityPerThread: 4096
2023-05-25 14:28:30 DEBUG Recycler:97 - -Dio.netty.recycler.ratio: 8
2023-05-25 14:28:30 DEBUG Recycler:98 - -Dio.netty.recycler.chunkSize: 32
2023-05-25 14:28:30 DEBUG Recycler:99 - -Dio.netty.recycler.blocking: false
2023-05-25 14:28:30 DEBUG Recycler:100 - -Dio.netty.recycler.batchFastThreadLocalOnly: true
2023-05-25 14:28:31 DEBUG Brotli:38 - brotli4j not in the classpath; Brotli support will be unavailable.
2023-05-25 14:28:31 DEBUG ThreadLocalRandom:214 - -Dio.netty.initialSeedUniquifier: 0x712c7d5dfbbd11c9
2023-05-25 14:28:42 INFO  Log:17 - New Test Startedgettitle
2023-05-25 14:28:42 INFO  Log:9 - ==========================My titleStartTest==================
2023-05-25 14:28:43 INFO  Log:13 - ==========================MyTitleEndTest==================
2023-05-25 14:28:43 INFO  Log:17 - onTestSuccess Methodgettitle
2023-05-25 14:28:43 INFO  Log:17 - New Test StartedsearchFlight
2023-05-25 14:28:43 INFO  Log:9 - ==========================searchFlightStartTest==================
2023-05-25 14:29:00 INFO  Log:17 - onTestFailure MethodsearchFlight
2023-05-25 14:29:01 INFO  Log:17 - onFinish method started
2023-05-25 15:42:31 INFO  Log:17 - onStart method started
2023-05-25 15:42:33 DEBUG InternalLoggerFactory:89 - Using Log4J as the default logging framework
2023-05-25 15:42:33 DEBUG ResourceLeakDetector:129 - -Dio.netty.leakDetection.level: simple
2023-05-25 15:42:33 DEBUG ResourceLeakDetector:130 - -Dio.netty.leakDetection.targetRecords: 4
2023-05-25 15:42:33 DEBUG ResourceLeakDetectorFactory:196 - Loaded default ResourceLeakDetector: io.netty.util.ResourceLeakDetector@6979efad
2023-05-25 15:42:33 DEBUG PlatformDependent0:496 - -Dio.netty.noUnsafe: false
2023-05-25 15:42:33 DEBUG PlatformDependent0:1000 - Java version: 17
2023-05-25 15:42:33 DEBUG PlatformDependent0:137 - sun.misc.Unsafe.theUnsafe: available
2023-05-25 15:42:33 DEBUG PlatformDependent0:161 - sun.misc.Unsafe.copyMemory: available
2023-05-25 15:42:33 DEBUG PlatformDependent0:193 - sun.misc.Unsafe.storeFence: available
2023-05-25 15:42:33 DEBUG PlatformDependent0:236 - java.nio.Buffer.address: available
2023-05-25 15:42:33 DEBUG PlatformDependent0:320 - direct buffer constructor: unavailable: Reflective setAccessible(true) disabled
2023-05-25 15:42:33 DEBUG PlatformDependent0:385 - java.nio.Bits.unaligned: available, true
2023-05-25 15:42:33 DEBUG PlatformDependent0:452 - jdk.internal.misc.Unsafe.allocateUninitializedArray(int): unavailable: class io.netty.util.internal.PlatformDependent0$7 cannot access class jdk.internal.misc.Unsafe (in module java.base) because module java.base does not export jdk.internal.misc to unnamed module @7ab2bfe1
2023-05-25 15:42:33 DEBUG PlatformDependent0:482 - java.nio.DirectByteBuffer.<init>(long, int): unavailable
2023-05-25 15:42:33 DEBUG PlatformDependent:1159 - sun.misc.Unsafe: available
2023-05-25 15:42:33 DEBUG PlatformDependent:1270 - maxDirectMemory: 2122317824 bytes (maybe)
2023-05-25 15:42:33 DEBUG PlatformDependent:1289 - -Dio.netty.tmpdir: C:\Users\Admin\AppData\Local\Temp (java.io.tmpdir)
2023-05-25 15:42:33 DEBUG PlatformDependent:1368 - -Dio.netty.bitMode: 64 (sun.arch.data.model)
2023-05-25 15:42:33 DEBUG PlatformDependent:1119 - Platform: Windows
2023-05-25 15:42:33 DEBUG PlatformDependent:178 - -Dio.netty.maxDirectMemory: -1 bytes
2023-05-25 15:42:33 DEBUG PlatformDependent:185 - -Dio.netty.uninitializedArrayAllocationThreshold: -1
2023-05-25 15:42:33 DEBUG CleanerJava9:71 - java.nio.ByteBuffer.cleaner(): available
2023-05-25 15:42:33 DEBUG PlatformDependent:205 - -Dio.netty.noPreferDirect: false
2023-05-25 15:42:33 DEBUG PlatformDependent:1010 - org.jctools-core.MpscChunkedArrayQueue: available
2023-05-25 15:42:33 DEBUG InternalThreadLocalMap:100 - -Dio.netty.threadLocalMap.stringBuilder.initialSize: 1024
2023-05-25 15:42:33 DEBUG InternalThreadLocalMap:101 - -Dio.netty.threadLocalMap.stringBuilder.maxSize: 4096
2023-05-25 15:42:33 DEBUG JdkSslContext:83 - Default protocols (JDK): [TLSv1.3, TLSv1.2] 
2023-05-25 15:42:33 DEBUG JdkSslContext:84 - Default cipher suites (JDK): [TLS_ECDHE_ECDSA_WITH_AES_256_GCM_SHA384, TLS_ECDHE_ECDSA_WITH_AES_128_GCM_SHA256, TLS_ECDHE_RSA_WITH_AES_128_GCM_SHA256, TLS_ECDHE_RSA_WITH_AES_256_GCM_SHA384, TLS_ECDHE_RSA_WITH_AES_128_CBC_SHA, TLS_ECDHE_RSA_WITH_AES_256_CBC_SHA, TLS_RSA_WITH_AES_128_GCM_SHA256, TLS_RSA_WITH_AES_128_CBC_SHA, TLS_RSA_WITH_AES_256_CBC_SHA, TLS_AES_128_GCM_SHA256, TLS_AES_256_GCM_SHA384]
2023-05-25 15:42:33 DEBUG GlobalEventExecutor:53 - -Dio.netty.globalEventExecutor.quietPeriodSeconds: 1
2023-05-25 15:42:33 DEBUG MultithreadEventLoopGroup:44 - -Dio.netty.eventLoopThreads: 12
2023-05-25 15:42:33 DEBUG NioEventLoop:110 - -Dio.netty.noKeySetOptimization: false
2023-05-25 15:42:33 DEBUG NioEventLoop:111 - -Dio.netty.selectorAutoRebuildThreshold: 512
2023-05-25 15:42:34 DEBUG PooledByteBufAllocator:157 - -Dio.netty.allocator.numHeapArenas: 12
2023-05-25 15:42:34 DEBUG PooledByteBufAllocator:158 - -Dio.netty.allocator.numDirectArenas: 12
2023-05-25 15:42:34 DEBUG PooledByteBufAllocator:160 - -Dio.netty.allocator.pageSize: 8192
2023-05-25 15:42:34 DEBUG PooledByteBufAllocator:165 - -Dio.netty.allocator.maxOrder: 9
2023-05-25 15:42:34 DEBUG PooledByteBufAllocator:169 - -Dio.netty.allocator.chunkSize: 4194304
2023-05-25 15:42:34 DEBUG PooledByteBufAllocator:170 - -Dio.netty.allocator.smallCacheSize: 256
2023-05-25 15:42:34 DEBUG PooledByteBufAllocator:171 - -Dio.netty.allocator.normalCacheSize: 64
2023-05-25 15:42:34 DEBUG PooledByteBufAllocator:172 - -Dio.netty.allocator.maxCachedBufferCapacity: 32768
2023-05-25 15:42:34 DEBUG PooledByteBufAllocator:173 - -Dio.netty.allocator.cacheTrimInterval: 8192
2023-05-25 15:42:34 DEBUG PooledByteBufAllocator:174 - -Dio.netty.allocator.cacheTrimIntervalMillis: 0
2023-05-25 15:42:34 DEBUG PooledByteBufAllocator:175 - -Dio.netty.allocator.useCacheForAllThreads: false
2023-05-25 15:42:34 DEBUG PooledByteBufAllocator:176 - -Dio.netty.allocator.maxCachedByteBuffersPerChunk: 1023
2023-05-25 15:42:34 DEBUG ByteBufUtil:88 - -Dio.netty.allocator.type: pooled
2023-05-25 15:42:34 DEBUG ByteBufUtil:97 - -Dio.netty.threadLocalDirectBufferSize: 0
2023-05-25 15:42:34 DEBUG ByteBufUtil:100 - -Dio.netty.maxThreadLocalCharBufferSize: 16384
2023-05-25 15:42:34 DEBUG DefaultChannelId:79 - -Dio.netty.processId: 18564 (auto-detected)
2023-05-25 15:42:34 DEBUG NetUtil:148 - -Djava.net.preferIPv4Stack: false
2023-05-25 15:42:34 DEBUG NetUtil:149 - -Djava.net.preferIPv6Addresses: false
2023-05-25 15:42:34 DEBUG NetUtilInitializations:145 - Loopback interface: lo (Software Loopback Interface 1, 127.0.0.1)
2023-05-25 15:42:34 DEBUG NetUtil:206 - Failed to get SOMAXCONN from sysctl and file \proc\sys\net\core\somaxconn. Default: 200
2023-05-25 15:42:34 DEBUG DefaultChannelId:101 - -Dio.netty.machineId: e0:be:03:ff:fe:16:6c:a6 (auto-detected)
2023-05-25 15:42:34 DEBUG AbstractByteBuf:63 - -Dio.netty.buffer.checkAccessible: true
2023-05-25 15:42:34 DEBUG AbstractByteBuf:64 - -Dio.netty.buffer.checkBounds: true
2023-05-25 15:42:34 DEBUG ResourceLeakDetectorFactory:196 - Loaded default ResourceLeakDetector: io.netty.util.ResourceLeakDetector@65926015
2023-05-25 15:42:34 DEBUG Recycler:96 - -Dio.netty.recycler.maxCapacityPerThread: 4096
2023-05-25 15:42:34 DEBUG Recycler:97 - -Dio.netty.recycler.ratio: 8
2023-05-25 15:42:34 DEBUG Recycler:98 - -Dio.netty.recycler.chunkSize: 32
2023-05-25 15:42:34 DEBUG Recycler:99 - -Dio.netty.recycler.blocking: false
2023-05-25 15:42:34 DEBUG Recycler:100 - -Dio.netty.recycler.batchFastThreadLocalOnly: true
2023-05-25 15:42:36 DEBUG Brotli:38 - brotli4j not in the classpath; Brotli support will be unavailable.
2023-05-25 15:42:37 DEBUG ThreadLocalRandom:214 - -Dio.netty.initialSeedUniquifier: 0x280a253bd3abf4d9
2023-05-25 15:42:44 INFO  Log:17 - New Test Startedgettitle
2023-05-25 15:42:44 INFO  Log:9 - ==========================My titleStartTest==================
2023-05-25 15:42:44 INFO  Log:13 - ==========================MyTitleEndTest==================
2023-05-25 15:42:44 INFO  Log:17 - onTestSuccess Methodgettitle
2023-05-25 15:42:44 INFO  Log:17 - New Test StartedsearchFlight
2023-05-25 15:42:44 INFO  Log:9 - ==========================searchFlightStartTest==================
2023-05-25 15:43:02 INFO  Log:17 - onTestFailure MethodsearchFlight
2023-05-25 15:43:03 INFO  Log:17 - onFinish method started
2023-05-25 15:43:58 INFO  Log:17 - onStart method started
2023-05-25 15:43:59 DEBUG InternalLoggerFactory:89 - Using Log4J as the default logging framework
2023-05-25 15:43:59 DEBUG ResourceLeakDetector:129 - -Dio.netty.leakDetection.level: simple
2023-05-25 15:43:59 DEBUG ResourceLeakDetector:130 - -Dio.netty.leakDetection.targetRecords: 4
2023-05-25 15:43:59 DEBUG ResourceLeakDetectorFactory:196 - Loaded default ResourceLeakDetector: io.netty.util.ResourceLeakDetector@1643d68f
2023-05-25 15:43:59 DEBUG PlatformDependent0:496 - -Dio.netty.noUnsafe: false
2023-05-25 15:43:59 DEBUG PlatformDependent0:1000 - Java version: 17
2023-05-25 15:43:59 DEBUG PlatformDependent0:137 - sun.misc.Unsafe.theUnsafe: available
2023-05-25 15:43:59 DEBUG PlatformDependent0:161 - sun.misc.Unsafe.copyMemory: available
2023-05-25 15:43:59 DEBUG PlatformDependent0:193 - sun.misc.Unsafe.storeFence: available
2023-05-25 15:43:59 DEBUG PlatformDependent0:236 - java.nio.Buffer.address: available
2023-05-25 15:43:59 DEBUG PlatformDependent0:320 - direct buffer constructor: unavailable: Reflective setAccessible(true) disabled
2023-05-25 15:43:59 DEBUG PlatformDependent0:385 - java.nio.Bits.unaligned: available, true
2023-05-25 15:43:59 DEBUG PlatformDependent0:452 - jdk.internal.misc.Unsafe.allocateUninitializedArray(int): unavailable: class io.netty.util.internal.PlatformDependent0$7 cannot access class jdk.internal.misc.Unsafe (in module java.base) because module java.base does not export jdk.internal.misc to unnamed module @7ab2bfe1
2023-05-25 15:43:59 DEBUG PlatformDependent0:482 - java.nio.DirectByteBuffer.<init>(long, int): unavailable
2023-05-25 15:43:59 DEBUG PlatformDependent:1159 - sun.misc.Unsafe: available
2023-05-25 15:43:59 DEBUG PlatformDependent:1270 - maxDirectMemory: 2122317824 bytes (maybe)
2023-05-25 15:43:59 DEBUG PlatformDependent:1289 - -Dio.netty.tmpdir: C:\Users\Admin\AppData\Local\Temp (java.io.tmpdir)
2023-05-25 15:43:59 DEBUG PlatformDependent:1368 - -Dio.netty.bitMode: 64 (sun.arch.data.model)
2023-05-25 15:43:59 DEBUG PlatformDependent:1119 - Platform: Windows
2023-05-25 15:43:59 DEBUG PlatformDependent:178 - -Dio.netty.maxDirectMemory: -1 bytes
2023-05-25 15:43:59 DEBUG PlatformDependent:185 - -Dio.netty.uninitializedArrayAllocationThreshold: -1
2023-05-25 15:43:59 DEBUG CleanerJava9:71 - java.nio.ByteBuffer.cleaner(): available
2023-05-25 15:43:59 DEBUG PlatformDependent:205 - -Dio.netty.noPreferDirect: false
2023-05-25 15:43:59 DEBUG PlatformDependent:1010 - org.jctools-core.MpscChunkedArrayQueue: available
2023-05-25 15:43:59 DEBUG InternalThreadLocalMap:100 - -Dio.netty.threadLocalMap.stringBuilder.initialSize: 1024
2023-05-25 15:43:59 DEBUG InternalThreadLocalMap:101 - -Dio.netty.threadLocalMap.stringBuilder.maxSize: 4096
2023-05-25 15:43:59 DEBUG JdkSslContext:83 - Default protocols (JDK): [TLSv1.3, TLSv1.2] 
2023-05-25 15:43:59 DEBUG JdkSslContext:84 - Default cipher suites (JDK): [TLS_ECDHE_ECDSA_WITH_AES_256_GCM_SHA384, TLS_ECDHE_ECDSA_WITH_AES_128_GCM_SHA256, TLS_ECDHE_RSA_WITH_AES_128_GCM_SHA256, TLS_ECDHE_RSA_WITH_AES_256_GCM_SHA384, TLS_ECDHE_RSA_WITH_AES_128_CBC_SHA, TLS_ECDHE_RSA_WITH_AES_256_CBC_SHA, TLS_RSA_WITH_AES_128_GCM_SHA256, TLS_RSA_WITH_AES_128_CBC_SHA, TLS_RSA_WITH_AES_256_CBC_SHA, TLS_AES_128_GCM_SHA256, TLS_AES_256_GCM_SHA384]
2023-05-25 15:43:59 DEBUG GlobalEventExecutor:53 - -Dio.netty.globalEventExecutor.quietPeriodSeconds: 1
2023-05-25 15:43:59 DEBUG MultithreadEventLoopGroup:44 - -Dio.netty.eventLoopThreads: 12
2023-05-25 15:43:59 DEBUG NioEventLoop:110 - -Dio.netty.noKeySetOptimization: false
2023-05-25 15:43:59 DEBUG NioEventLoop:111 - -Dio.netty.selectorAutoRebuildThreshold: 512
2023-05-25 15:43:59 DEBUG PooledByteBufAllocator:157 - -Dio.netty.allocator.numHeapArenas: 12
2023-05-25 15:43:59 DEBUG PooledByteBufAllocator:158 - -Dio.netty.allocator.numDirectArenas: 12
2023-05-25 15:43:59 DEBUG PooledByteBufAllocator:160 - -Dio.netty.allocator.pageSize: 8192
2023-05-25 15:43:59 DEBUG PooledByteBufAllocator:165 - -Dio.netty.allocator.maxOrder: 9
2023-05-25 15:43:59 DEBUG PooledByteBufAllocator:169 - -Dio.netty.allocator.chunkSize: 4194304
2023-05-25 15:43:59 DEBUG PooledByteBufAllocator:170 - -Dio.netty.allocator.smallCacheSize: 256
2023-05-25 15:43:59 DEBUG PooledByteBufAllocator:171 - -Dio.netty.allocator.normalCacheSize: 64
2023-05-25 15:43:59 DEBUG PooledByteBufAllocator:172 - -Dio.netty.allocator.maxCachedBufferCapacity: 32768
2023-05-25 15:43:59 DEBUG PooledByteBufAllocator:173 - -Dio.netty.allocator.cacheTrimInterval: 8192
2023-05-25 15:43:59 DEBUG PooledByteBufAllocator:174 - -Dio.netty.allocator.cacheTrimIntervalMillis: 0
2023-05-25 15:43:59 DEBUG PooledByteBufAllocator:175 - -Dio.netty.allocator.useCacheForAllThreads: false
2023-05-25 15:43:59 DEBUG PooledByteBufAllocator:176 - -Dio.netty.allocator.maxCachedByteBuffersPerChunk: 1023
2023-05-25 15:43:59 DEBUG ByteBufUtil:88 - -Dio.netty.allocator.type: pooled
2023-05-25 15:43:59 DEBUG ByteBufUtil:97 - -Dio.netty.threadLocalDirectBufferSize: 0
2023-05-25 15:43:59 DEBUG ByteBufUtil:100 - -Dio.netty.maxThreadLocalCharBufferSize: 16384
2023-05-25 15:43:59 DEBUG DefaultChannelId:79 - -Dio.netty.processId: 16192 (auto-detected)
2023-05-25 15:43:59 DEBUG NetUtil:148 - -Djava.net.preferIPv4Stack: false
2023-05-25 15:43:59 DEBUG NetUtil:149 - -Djava.net.preferIPv6Addresses: false
2023-05-25 15:43:59 DEBUG NetUtilInitializations:145 - Loopback interface: lo (Software Loopback Interface 1, 127.0.0.1)
2023-05-25 15:43:59 DEBUG NetUtil:206 - Failed to get SOMAXCONN from sysctl and file \proc\sys\net\core\somaxconn. Default: 200
2023-05-25 15:43:59 DEBUG DefaultChannelId:101 - -Dio.netty.machineId: e0:be:03:ff:fe:16:6c:a6 (auto-detected)
2023-05-25 15:43:59 DEBUG AbstractByteBuf:63 - -Dio.netty.buffer.checkAccessible: true
2023-05-25 15:43:59 DEBUG AbstractByteBuf:64 - -Dio.netty.buffer.checkBounds: true
2023-05-25 15:43:59 DEBUG ResourceLeakDetectorFactory:196 - Loaded default ResourceLeakDetector: io.netty.util.ResourceLeakDetector@4d90f560
2023-05-25 15:43:59 DEBUG Recycler:96 - -Dio.netty.recycler.maxCapacityPerThread: 4096
2023-05-25 15:43:59 DEBUG Recycler:97 - -Dio.netty.recycler.ratio: 8
2023-05-25 15:43:59 DEBUG Recycler:98 - -Dio.netty.recycler.chunkSize: 32
2023-05-25 15:43:59 DEBUG Recycler:99 - -Dio.netty.recycler.blocking: false
2023-05-25 15:43:59 DEBUG Recycler:100 - -Dio.netty.recycler.batchFastThreadLocalOnly: true
2023-05-25 15:44:00 DEBUG Brotli:38 - brotli4j not in the classpath; Brotli support will be unavailable.
2023-05-25 15:44:00 DEBUG ThreadLocalRandom:214 - -Dio.netty.initialSeedUniquifier: 0xbeef8b8b01857329
2023-05-25 15:44:05 INFO  Log:17 - New Test Startedgettitle
2023-05-25 15:44:06 INFO  Log:9 - ==========================My titleStartTest==================
2023-05-25 15:44:06 INFO  Log:13 - ==========================MyTitleEndTest==================
2023-05-25 15:44:06 INFO  Log:17 - onTestSuccess Methodgettitle
2023-05-25 15:44:06 INFO  Log:17 - New Test StartedsearchFlight
2023-05-25 15:44:06 INFO  Log:9 - ==========================searchFlightStartTest==================
2023-05-25 15:44:23 INFO  Log:17 - onTestFailure MethodsearchFlight
2023-05-25 15:44:24 INFO  Log:17 - onFinish method started
2023-05-25 15:45:16 INFO  Log:17 - onStart method started
2023-05-25 15:45:17 DEBUG InternalLoggerFactory:89 - Using Log4J as the default logging framework
2023-05-25 15:45:17 DEBUG ResourceLeakDetector:129 - -Dio.netty.leakDetection.level: simple
2023-05-25 15:45:17 DEBUG ResourceLeakDetector:130 - -Dio.netty.leakDetection.targetRecords: 4
2023-05-25 15:45:17 DEBUG ResourceLeakDetectorFactory:196 - Loaded default ResourceLeakDetector: io.netty.util.ResourceLeakDetector@5049d8b2
2023-05-25 15:45:17 DEBUG PlatformDependent0:496 - -Dio.netty.noUnsafe: false
2023-05-25 15:45:17 DEBUG PlatformDependent0:1000 - Java version: 17
2023-05-25 15:45:17 DEBUG PlatformDependent0:137 - sun.misc.Unsafe.theUnsafe: available
2023-05-25 15:45:17 DEBUG PlatformDependent0:161 - sun.misc.Unsafe.copyMemory: available
2023-05-25 15:45:17 DEBUG PlatformDependent0:193 - sun.misc.Unsafe.storeFence: available
2023-05-25 15:45:17 DEBUG PlatformDependent0:236 - java.nio.Buffer.address: available
2023-05-25 15:45:17 DEBUG PlatformDependent0:320 - direct buffer constructor: unavailable: Reflective setAccessible(true) disabled
2023-05-25 15:45:17 DEBUG PlatformDependent0:385 - java.nio.Bits.unaligned: available, true
2023-05-25 15:45:17 DEBUG PlatformDependent0:452 - jdk.internal.misc.Unsafe.allocateUninitializedArray(int): unavailable: class io.netty.util.internal.PlatformDependent0$7 cannot access class jdk.internal.misc.Unsafe (in module java.base) because module java.base does not export jdk.internal.misc to unnamed module @7ab2bfe1
2023-05-25 15:45:17 DEBUG PlatformDependent0:482 - java.nio.DirectByteBuffer.<init>(long, int): unavailable
2023-05-25 15:45:17 DEBUG PlatformDependent:1159 - sun.misc.Unsafe: available
2023-05-25 15:45:17 DEBUG PlatformDependent:1270 - maxDirectMemory: 2122317824 bytes (maybe)
2023-05-25 15:45:17 DEBUG PlatformDependent:1289 - -Dio.netty.tmpdir: C:\Users\Admin\AppData\Local\Temp (java.io.tmpdir)
2023-05-25 15:45:17 DEBUG PlatformDependent:1368 - -Dio.netty.bitMode: 64 (sun.arch.data.model)
2023-05-25 15:45:17 DEBUG PlatformDependent:1119 - Platform: Windows
2023-05-25 15:45:17 DEBUG PlatformDependent:178 - -Dio.netty.maxDirectMemory: -1 bytes
2023-05-25 15:45:17 DEBUG PlatformDependent:185 - -Dio.netty.uninitializedArrayAllocationThreshold: -1
2023-05-25 15:45:17 DEBUG CleanerJava9:71 - java.nio.ByteBuffer.cleaner(): available
2023-05-25 15:45:17 DEBUG PlatformDependent:205 - -Dio.netty.noPreferDirect: false
2023-05-25 15:45:17 DEBUG PlatformDependent:1010 - org.jctools-core.MpscChunkedArrayQueue: available
2023-05-25 15:45:17 DEBUG InternalThreadLocalMap:100 - -Dio.netty.threadLocalMap.stringBuilder.initialSize: 1024
2023-05-25 15:45:17 DEBUG InternalThreadLocalMap:101 - -Dio.netty.threadLocalMap.stringBuilder.maxSize: 4096
2023-05-25 15:45:17 DEBUG JdkSslContext:83 - Default protocols (JDK): [TLSv1.3, TLSv1.2] 
2023-05-25 15:45:17 DEBUG JdkSslContext:84 - Default cipher suites (JDK): [TLS_ECDHE_ECDSA_WITH_AES_256_GCM_SHA384, TLS_ECDHE_ECDSA_WITH_AES_128_GCM_SHA256, TLS_ECDHE_RSA_WITH_AES_128_GCM_SHA256, TLS_ECDHE_RSA_WITH_AES_256_GCM_SHA384, TLS_ECDHE_RSA_WITH_AES_128_CBC_SHA, TLS_ECDHE_RSA_WITH_AES_256_CBC_SHA, TLS_RSA_WITH_AES_128_GCM_SHA256, TLS_RSA_WITH_AES_128_CBC_SHA, TLS_RSA_WITH_AES_256_CBC_SHA, TLS_AES_128_GCM_SHA256, TLS_AES_256_GCM_SHA384]
2023-05-25 15:45:17 DEBUG GlobalEventExecutor:53 - -Dio.netty.globalEventExecutor.quietPeriodSeconds: 1
2023-05-25 15:45:17 DEBUG MultithreadEventLoopGroup:44 - -Dio.netty.eventLoopThreads: 12
2023-05-25 15:45:17 DEBUG NioEventLoop:110 - -Dio.netty.noKeySetOptimization: false
2023-05-25 15:45:17 DEBUG NioEventLoop:111 - -Dio.netty.selectorAutoRebuildThreshold: 512
2023-05-25 15:45:17 DEBUG PooledByteBufAllocator:157 - -Dio.netty.allocator.numHeapArenas: 12
2023-05-25 15:45:17 DEBUG PooledByteBufAllocator:158 - -Dio.netty.allocator.numDirectArenas: 12
2023-05-25 15:45:17 DEBUG PooledByteBufAllocator:160 - -Dio.netty.allocator.pageSize: 8192
2023-05-25 15:45:17 DEBUG PooledByteBufAllocator:165 - -Dio.netty.allocator.maxOrder: 9
2023-05-25 15:45:17 DEBUG PooledByteBufAllocator:169 - -Dio.netty.allocator.chunkSize: 4194304
2023-05-25 15:45:17 DEBUG PooledByteBufAllocator:170 - -Dio.netty.allocator.smallCacheSize: 256
2023-05-25 15:45:17 DEBUG PooledByteBufAllocator:171 - -Dio.netty.allocator.normalCacheSize: 64
2023-05-25 15:45:17 DEBUG PooledByteBufAllocator:172 - -Dio.netty.allocator.maxCachedBufferCapacity: 32768
2023-05-25 15:45:17 DEBUG PooledByteBufAllocator:173 - -Dio.netty.allocator.cacheTrimInterval: 8192
2023-05-25 15:45:17 DEBUG PooledByteBufAllocator:174 - -Dio.netty.allocator.cacheTrimIntervalMillis: 0
2023-05-25 15:45:17 DEBUG PooledByteBufAllocator:175 - -Dio.netty.allocator.useCacheForAllThreads: false
2023-05-25 15:45:17 DEBUG PooledByteBufAllocator:176 - -Dio.netty.allocator.maxCachedByteBuffersPerChunk: 1023
2023-05-25 15:45:17 DEBUG ByteBufUtil:88 - -Dio.netty.allocator.type: pooled
2023-05-25 15:45:17 DEBUG ByteBufUtil:97 - -Dio.netty.threadLocalDirectBufferSize: 0
2023-05-25 15:45:17 DEBUG ByteBufUtil:100 - -Dio.netty.maxThreadLocalCharBufferSize: 16384
2023-05-25 15:45:17 DEBUG DefaultChannelId:79 - -Dio.netty.processId: 18856 (auto-detected)
2023-05-25 15:45:17 DEBUG NetUtil:148 - -Djava.net.preferIPv4Stack: false
2023-05-25 15:45:17 DEBUG NetUtil:149 - -Djava.net.preferIPv6Addresses: false
2023-05-25 15:45:17 DEBUG NetUtilInitializations:145 - Loopback interface: lo (Software Loopback Interface 1, 127.0.0.1)
2023-05-25 15:45:17 DEBUG NetUtil:206 - Failed to get SOMAXCONN from sysctl and file \proc\sys\net\core\somaxconn. Default: 200
2023-05-25 15:45:17 DEBUG DefaultChannelId:101 - -Dio.netty.machineId: e0:be:03:ff:fe:16:6c:a6 (auto-detected)
2023-05-25 15:45:17 DEBUG AbstractByteBuf:63 - -Dio.netty.buffer.checkAccessible: true
2023-05-25 15:45:17 DEBUG AbstractByteBuf:64 - -Dio.netty.buffer.checkBounds: true
2023-05-25 15:45:17 DEBUG ResourceLeakDetectorFactory:196 - Loaded default ResourceLeakDetector: io.netty.util.ResourceLeakDetector@14bd21f3
2023-05-25 15:45:17 DEBUG Recycler:96 - -Dio.netty.recycler.maxCapacityPerThread: 4096
2023-05-25 15:45:17 DEBUG Recycler:97 - -Dio.netty.recycler.ratio: 8
2023-05-25 15:45:17 DEBUG Recycler:98 - -Dio.netty.recycler.chunkSize: 32
2023-05-25 15:45:17 DEBUG Recycler:99 - -Dio.netty.recycler.blocking: false
2023-05-25 15:45:17 DEBUG Recycler:100 - -Dio.netty.recycler.batchFastThreadLocalOnly: true
2023-05-25 15:45:18 DEBUG Brotli:38 - brotli4j not in the classpath; Brotli support will be unavailable.
2023-05-25 15:45:18 DEBUG ThreadLocalRandom:214 - -Dio.netty.initialSeedUniquifier: 0x95adc4a6b4007b5f
2023-05-25 15:45:26 INFO  Log:17 - New Test Startedgettitle
2023-05-25 15:45:26 INFO  Log:9 - ==========================My titleStartTest==================
2023-05-25 15:45:26 INFO  Log:13 - ==========================MyTitleEndTest==================
2023-05-25 15:45:26 INFO  Log:17 - onTestSuccess Methodgettitle
2023-05-25 15:45:26 INFO  Log:17 - New Test StartedsearchFlight
2023-05-25 15:45:26 INFO  Log:9 - ==========================searchFlightStartTest==================
2023-05-25 15:45:43 INFO  Log:17 - onTestFailure MethodsearchFlight
2023-05-25 15:45:43 INFO  Log:17 - onFinish method started
2023-05-25 16:08:38 DEBUG InternalLoggerFactory:89 - Using Log4J as the default logging framework
2023-05-25 16:08:38 DEBUG ResourceLeakDetector:129 - -Dio.netty.leakDetection.level: simple
2023-05-25 16:08:38 DEBUG ResourceLeakDetector:130 - -Dio.netty.leakDetection.targetRecords: 4
2023-05-25 16:08:38 DEBUG ResourceLeakDetectorFactory:196 - Loaded default ResourceLeakDetector: io.netty.util.ResourceLeakDetector@16423501
2023-05-25 16:08:38 DEBUG PlatformDependent0:496 - -Dio.netty.noUnsafe: false
2023-05-25 16:08:38 DEBUG PlatformDependent0:1000 - Java version: 17
2023-05-25 16:08:38 DEBUG PlatformDependent0:137 - sun.misc.Unsafe.theUnsafe: available
2023-05-25 16:08:38 DEBUG PlatformDependent0:161 - sun.misc.Unsafe.copyMemory: available
2023-05-25 16:08:38 DEBUG PlatformDependent0:193 - sun.misc.Unsafe.storeFence: available
2023-05-25 16:08:38 DEBUG PlatformDependent0:236 - java.nio.Buffer.address: available
2023-05-25 16:08:38 DEBUG PlatformDependent0:320 - direct buffer constructor: unavailable: Reflective setAccessible(true) disabled
2023-05-25 16:08:38 DEBUG PlatformDependent0:385 - java.nio.Bits.unaligned: available, true
2023-05-25 16:08:38 DEBUG PlatformDependent0:452 - jdk.internal.misc.Unsafe.allocateUninitializedArray(int): unavailable: class io.netty.util.internal.PlatformDependent0$7 cannot access class jdk.internal.misc.Unsafe (in module java.base) because module java.base does not export jdk.internal.misc to unnamed module @7ab2bfe1
2023-05-25 16:08:38 DEBUG PlatformDependent0:482 - java.nio.DirectByteBuffer.<init>(long, int): unavailable
2023-05-25 16:08:38 DEBUG PlatformDependent:1159 - sun.misc.Unsafe: available
2023-05-25 16:08:39 DEBUG PlatformDependent:1270 - maxDirectMemory: 2122317824 bytes (maybe)
2023-05-25 16:08:39 DEBUG PlatformDependent:1289 - -Dio.netty.tmpdir: C:\Users\Admin\AppData\Local\Temp (java.io.tmpdir)
2023-05-25 16:08:39 DEBUG PlatformDependent:1368 - -Dio.netty.bitMode: 64 (sun.arch.data.model)
2023-05-25 16:08:39 DEBUG PlatformDependent:1119 - Platform: Windows
2023-05-25 16:08:39 DEBUG PlatformDependent:178 - -Dio.netty.maxDirectMemory: -1 bytes
2023-05-25 16:08:39 DEBUG PlatformDependent:185 - -Dio.netty.uninitializedArrayAllocationThreshold: -1
2023-05-25 16:08:39 DEBUG CleanerJava9:71 - java.nio.ByteBuffer.cleaner(): available
2023-05-25 16:08:39 DEBUG PlatformDependent:205 - -Dio.netty.noPreferDirect: false
2023-05-25 16:08:39 DEBUG PlatformDependent:1010 - org.jctools-core.MpscChunkedArrayQueue: available
2023-05-25 16:08:39 DEBUG InternalThreadLocalMap:100 - -Dio.netty.threadLocalMap.stringBuilder.initialSize: 1024
2023-05-25 16:08:39 DEBUG InternalThreadLocalMap:101 - -Dio.netty.threadLocalMap.stringBuilder.maxSize: 4096
2023-05-25 16:08:39 DEBUG JdkSslContext:83 - Default protocols (JDK): [TLSv1.3, TLSv1.2] 
2023-05-25 16:08:39 DEBUG JdkSslContext:84 - Default cipher suites (JDK): [TLS_ECDHE_ECDSA_WITH_AES_256_GCM_SHA384, TLS_ECDHE_ECDSA_WITH_AES_128_GCM_SHA256, TLS_ECDHE_RSA_WITH_AES_128_GCM_SHA256, TLS_ECDHE_RSA_WITH_AES_256_GCM_SHA384, TLS_ECDHE_RSA_WITH_AES_128_CBC_SHA, TLS_ECDHE_RSA_WITH_AES_256_CBC_SHA, TLS_RSA_WITH_AES_128_GCM_SHA256, TLS_RSA_WITH_AES_128_CBC_SHA, TLS_RSA_WITH_AES_256_CBC_SHA, TLS_AES_128_GCM_SHA256, TLS_AES_256_GCM_SHA384]
2023-05-25 16:08:39 DEBUG GlobalEventExecutor:53 - -Dio.netty.globalEventExecutor.quietPeriodSeconds: 1
2023-05-25 16:08:39 DEBUG MultithreadEventLoopGroup:44 - -Dio.netty.eventLoopThreads: 12
2023-05-25 16:08:39 DEBUG NioEventLoop:110 - -Dio.netty.noKeySetOptimization: false
2023-05-25 16:08:39 DEBUG NioEventLoop:111 - -Dio.netty.selectorAutoRebuildThreshold: 512
2023-05-25 16:08:39 DEBUG PooledByteBufAllocator:157 - -Dio.netty.allocator.numHeapArenas: 12
2023-05-25 16:08:39 DEBUG PooledByteBufAllocator:158 - -Dio.netty.allocator.numDirectArenas: 12
2023-05-25 16:08:39 DEBUG PooledByteBufAllocator:160 - -Dio.netty.allocator.pageSize: 8192
2023-05-25 16:08:39 DEBUG PooledByteBufAllocator:165 - -Dio.netty.allocator.maxOrder: 9
2023-05-25 16:08:39 DEBUG PooledByteBufAllocator:169 - -Dio.netty.allocator.chunkSize: 4194304
2023-05-25 16:08:39 DEBUG PooledByteBufAllocator:170 - -Dio.netty.allocator.smallCacheSize: 256
2023-05-25 16:08:39 DEBUG PooledByteBufAllocator:171 - -Dio.netty.allocator.normalCacheSize: 64
2023-05-25 16:08:39 DEBUG PooledByteBufAllocator:172 - -Dio.netty.allocator.maxCachedBufferCapacity: 32768
2023-05-25 16:08:39 DEBUG PooledByteBufAllocator:173 - -Dio.netty.allocator.cacheTrimInterval: 8192
2023-05-25 16:08:39 DEBUG PooledByteBufAllocator:174 - -Dio.netty.allocator.cacheTrimIntervalMillis: 0
2023-05-25 16:08:39 DEBUG PooledByteBufAllocator:175 - -Dio.netty.allocator.useCacheForAllThreads: false
2023-05-25 16:08:39 DEBUG PooledByteBufAllocator:176 - -Dio.netty.allocator.maxCachedByteBuffersPerChunk: 1023
2023-05-25 16:08:39 DEBUG ByteBufUtil:88 - -Dio.netty.allocator.type: pooled
2023-05-25 16:08:39 DEBUG ByteBufUtil:97 - -Dio.netty.threadLocalDirectBufferSize: 0
2023-05-25 16:08:39 DEBUG ByteBufUtil:100 - -Dio.netty.maxThreadLocalCharBufferSize: 16384
2023-05-25 16:08:41 DEBUG DefaultChannelId:79 - -Dio.netty.processId: 16316 (auto-detected)
2023-05-25 16:08:41 DEBUG NetUtil:148 - -Djava.net.preferIPv4Stack: false
2023-05-25 16:08:41 DEBUG NetUtil:149 - -Djava.net.preferIPv6Addresses: false
2023-05-25 16:08:41 DEBUG NetUtilInitializations:145 - Loopback interface: lo (Software Loopback Interface 1, 127.0.0.1)
2023-05-25 16:08:41 DEBUG NetUtil:206 - Failed to get SOMAXCONN from sysctl and file \proc\sys\net\core\somaxconn. Default: 200
2023-05-25 16:08:41 DEBUG DefaultChannelId:101 - -Dio.netty.machineId: e0:be:03:ff:fe:16:6c:a6 (auto-detected)
2023-05-25 16:08:42 DEBUG AbstractByteBuf:63 - -Dio.netty.buffer.checkAccessible: true
2023-05-25 16:08:42 DEBUG AbstractByteBuf:64 - -Dio.netty.buffer.checkBounds: true
2023-05-25 16:08:42 DEBUG ResourceLeakDetectorFactory:196 - Loaded default ResourceLeakDetector: io.netty.util.ResourceLeakDetector@1aca5b9e
2023-05-25 16:08:42 DEBUG Recycler:96 - -Dio.netty.recycler.maxCapacityPerThread: 4096
2023-05-25 16:08:42 DEBUG Recycler:97 - -Dio.netty.recycler.ratio: 8
2023-05-25 16:08:42 DEBUG Recycler:98 - -Dio.netty.recycler.chunkSize: 32
2023-05-25 16:08:42 DEBUG Recycler:99 - -Dio.netty.recycler.blocking: false
2023-05-25 16:08:42 DEBUG Recycler:100 - -Dio.netty.recycler.batchFastThreadLocalOnly: true
2023-05-25 16:08:51 DEBUG Brotli:38 - brotli4j not in the classpath; Brotli support will be unavailable.
2023-05-25 16:08:52 DEBUG ThreadLocalRandom:214 - -Dio.netty.initialSeedUniquifier: 0xd5a18de3767c2b56
2023-05-25 16:08:58 INFO  Log:9 - ==========================My titleStartTest==================
2023-05-25 16:08:58 INFO  Log:13 - ==========================MyTitleEndTest==================
2023-05-25 16:08:58 INFO  Log:9 - ==========================searchFlightStartTest==================
2023-05-25 16:22:35 INFO  Log:17 - onStart method started
2023-05-25 16:22:35 DEBUG InternalLoggerFactory:89 - Using Log4J as the default logging framework
2023-05-25 16:22:35 DEBUG ResourceLeakDetector:129 - -Dio.netty.leakDetection.level: simple
2023-05-25 16:22:35 DEBUG ResourceLeakDetector:130 - -Dio.netty.leakDetection.targetRecords: 4
2023-05-25 16:22:35 DEBUG ResourceLeakDetectorFactory:196 - Loaded default ResourceLeakDetector: io.netty.util.ResourceLeakDetector@16423501
2023-05-25 16:22:35 DEBUG PlatformDependent0:496 - -Dio.netty.noUnsafe: false
2023-05-25 16:22:35 DEBUG PlatformDependent0:1000 - Java version: 17
2023-05-25 16:22:35 DEBUG PlatformDependent0:137 - sun.misc.Unsafe.theUnsafe: available
2023-05-25 16:22:35 DEBUG PlatformDependent0:161 - sun.misc.Unsafe.copyMemory: available
2023-05-25 16:22:35 DEBUG PlatformDependent0:193 - sun.misc.Unsafe.storeFence: available
2023-05-25 16:22:35 DEBUG PlatformDependent0:236 - java.nio.Buffer.address: available
2023-05-25 16:22:35 DEBUG PlatformDependent0:320 - direct buffer constructor: unavailable: Reflective setAccessible(true) disabled
2023-05-25 16:22:35 DEBUG PlatformDependent0:385 - java.nio.Bits.unaligned: available, true
2023-05-25 16:22:35 DEBUG PlatformDependent0:452 - jdk.internal.misc.Unsafe.allocateUninitializedArray(int): unavailable: class io.netty.util.internal.PlatformDependent0$7 cannot access class jdk.internal.misc.Unsafe (in module java.base) because module java.base does not export jdk.internal.misc to unnamed module @7ab2bfe1
2023-05-25 16:22:35 DEBUG PlatformDependent0:482 - java.nio.DirectByteBuffer.<init>(long, int): unavailable
2023-05-25 16:22:35 DEBUG PlatformDependent:1159 - sun.misc.Unsafe: available
2023-05-25 16:22:35 DEBUG PlatformDependent:1270 - maxDirectMemory: 2122317824 bytes (maybe)
2023-05-25 16:22:35 DEBUG PlatformDependent:1289 - -Dio.netty.tmpdir: C:\Users\Admin\AppData\Local\Temp (java.io.tmpdir)
2023-05-25 16:22:35 DEBUG PlatformDependent:1368 - -Dio.netty.bitMode: 64 (sun.arch.data.model)
2023-05-25 16:22:35 DEBUG PlatformDependent:1119 - Platform: Windows
2023-05-25 16:22:35 DEBUG PlatformDependent:178 - -Dio.netty.maxDirectMemory: -1 bytes
2023-05-25 16:22:35 DEBUG PlatformDependent:185 - -Dio.netty.uninitializedArrayAllocationThreshold: -1
2023-05-25 16:22:35 DEBUG CleanerJava9:71 - java.nio.ByteBuffer.cleaner(): available
2023-05-25 16:22:35 DEBUG PlatformDependent:205 - -Dio.netty.noPreferDirect: false
2023-05-25 16:22:35 DEBUG PlatformDependent:1010 - org.jctools-core.MpscChunkedArrayQueue: available
2023-05-25 16:22:35 DEBUG InternalThreadLocalMap:100 - -Dio.netty.threadLocalMap.stringBuilder.initialSize: 1024
2023-05-25 16:22:35 DEBUG InternalThreadLocalMap:101 - -Dio.netty.threadLocalMap.stringBuilder.maxSize: 4096
2023-05-25 16:22:35 DEBUG JdkSslContext:83 - Default protocols (JDK): [TLSv1.3, TLSv1.2] 
2023-05-25 16:22:35 DEBUG JdkSslContext:84 - Default cipher suites (JDK): [TLS_ECDHE_ECDSA_WITH_AES_256_GCM_SHA384, TLS_ECDHE_ECDSA_WITH_AES_128_GCM_SHA256, TLS_ECDHE_RSA_WITH_AES_128_GCM_SHA256, TLS_ECDHE_RSA_WITH_AES_256_GCM_SHA384, TLS_ECDHE_RSA_WITH_AES_128_CBC_SHA, TLS_ECDHE_RSA_WITH_AES_256_CBC_SHA, TLS_RSA_WITH_AES_128_GCM_SHA256, TLS_RSA_WITH_AES_128_CBC_SHA, TLS_RSA_WITH_AES_256_CBC_SHA, TLS_AES_128_GCM_SHA256, TLS_AES_256_GCM_SHA384]
2023-05-25 16:22:35 DEBUG GlobalEventExecutor:53 - -Dio.netty.globalEventExecutor.quietPeriodSeconds: 1
2023-05-25 16:22:35 DEBUG MultithreadEventLoopGroup:44 - -Dio.netty.eventLoopThreads: 12
2023-05-25 16:22:35 DEBUG NioEventLoop:110 - -Dio.netty.noKeySetOptimization: false
2023-05-25 16:22:35 DEBUG NioEventLoop:111 - -Dio.netty.selectorAutoRebuildThreshold: 512
2023-05-25 16:22:35 DEBUG PooledByteBufAllocator:157 - -Dio.netty.allocator.numHeapArenas: 12
2023-05-25 16:22:35 DEBUG PooledByteBufAllocator:158 - -Dio.netty.allocator.numDirectArenas: 12
2023-05-25 16:22:35 DEBUG PooledByteBufAllocator:160 - -Dio.netty.allocator.pageSize: 8192
2023-05-25 16:22:35 DEBUG PooledByteBufAllocator:165 - -Dio.netty.allocator.maxOrder: 9
2023-05-25 16:22:35 DEBUG PooledByteBufAllocator:169 - -Dio.netty.allocator.chunkSize: 4194304
2023-05-25 16:22:35 DEBUG PooledByteBufAllocator:170 - -Dio.netty.allocator.smallCacheSize: 256
2023-05-25 16:22:35 DEBUG PooledByteBufAllocator:171 - -Dio.netty.allocator.normalCacheSize: 64
2023-05-25 16:22:35 DEBUG PooledByteBufAllocator:172 - -Dio.netty.allocator.maxCachedBufferCapacity: 32768
2023-05-25 16:22:35 DEBUG PooledByteBufAllocator:173 - -Dio.netty.allocator.cacheTrimInterval: 8192
2023-05-25 16:22:35 DEBUG PooledByteBufAllocator:174 - -Dio.netty.allocator.cacheTrimIntervalMillis: 0
2023-05-25 16:22:35 DEBUG PooledByteBufAllocator:175 - -Dio.netty.allocator.useCacheForAllThreads: false
2023-05-25 16:22:35 DEBUG PooledByteBufAllocator:176 - -Dio.netty.allocator.maxCachedByteBuffersPerChunk: 1023
2023-05-25 16:22:35 DEBUG ByteBufUtil:88 - -Dio.netty.allocator.type: pooled
2023-05-25 16:22:35 DEBUG ByteBufUtil:97 - -Dio.netty.threadLocalDirectBufferSize: 0
2023-05-25 16:22:35 DEBUG ByteBufUtil:100 - -Dio.netty.maxThreadLocalCharBufferSize: 16384
2023-05-25 16:22:36 DEBUG DefaultChannelId:79 - -Dio.netty.processId: 19132 (auto-detected)
2023-05-25 16:22:36 DEBUG NetUtil:148 - -Djava.net.preferIPv4Stack: false
2023-05-25 16:22:36 DEBUG NetUtil:149 - -Djava.net.preferIPv6Addresses: false
2023-05-25 16:22:36 DEBUG NetUtilInitializations:145 - Loopback interface: lo (Software Loopback Interface 1, 127.0.0.1)
2023-05-25 16:22:36 DEBUG NetUtil:206 - Failed to get SOMAXCONN from sysctl and file \proc\sys\net\core\somaxconn. Default: 200
2023-05-25 16:22:36 DEBUG DefaultChannelId:101 - -Dio.netty.machineId: e0:be:03:ff:fe:16:6c:a6 (auto-detected)
2023-05-25 16:22:36 DEBUG AbstractByteBuf:63 - -Dio.netty.buffer.checkAccessible: true
2023-05-25 16:22:36 DEBUG AbstractByteBuf:64 - -Dio.netty.buffer.checkBounds: true
2023-05-25 16:22:36 DEBUG ResourceLeakDetectorFactory:196 - Loaded default ResourceLeakDetector: io.netty.util.ResourceLeakDetector@43218b75
2023-05-25 16:22:36 DEBUG Recycler:96 - -Dio.netty.recycler.maxCapacityPerThread: 4096
2023-05-25 16:22:36 DEBUG Recycler:97 - -Dio.netty.recycler.ratio: 8
2023-05-25 16:22:36 DEBUG Recycler:98 - -Dio.netty.recycler.chunkSize: 32
2023-05-25 16:22:36 DEBUG Recycler:99 - -Dio.netty.recycler.blocking: false
2023-05-25 16:22:36 DEBUG Recycler:100 - -Dio.netty.recycler.batchFastThreadLocalOnly: true
2023-05-25 16:22:37 DEBUG Brotli:38 - brotli4j not in the classpath; Brotli support will be unavailable.
2023-05-25 16:22:37 DEBUG ThreadLocalRandom:214 - -Dio.netty.initialSeedUniquifier: 0x3bb678f61115bb7b
2023-05-25 16:22:43 INFO  Log:17 - New Test Startedgettitle
2023-05-25 16:22:43 INFO  Log:9 - ==========================My titleStartTest==================
2023-05-25 16:22:43 INFO  Log:13 - ==========================MyTitleEndTest==================
2023-05-25 16:22:43 INFO  Log:17 - onTestSuccess Methodgettitle
2023-05-25 16:22:43 INFO  Log:17 - New Test StartedsearchFlight
2023-05-25 16:22:43 INFO  Log:9 - ==========================searchFlightStartTest==================
2023-05-25 16:23:00 INFO  Log:17 - onTestFailure MethodsearchFlight
2023-05-25 16:23:01 INFO  Log:17 - onFinish method started
2023-05-25 16:23:01 DEBUG cache:45 - Couldn't find template in cache for "v3html/v3-html-index.ftl"("en", UTF-8, parsed); will try to load it.
2023-05-25 16:23:01 DEBUG cache:45 - TemplateLoader.findTemplateSource("v3html/v3-html-index_en.ftl"): Not found
2023-05-25 16:23:01 DEBUG cache:45 - TemplateLoader.findTemplateSource("v3html/v3-html-index.ftl"): Found
2023-05-25 16:23:01 DEBUG cache:45 - Loading template for "v3html/v3-html-index.ftl"("en", UTF-8, parsed) from "jar:file:/C:/Users/Admin/.m2/repository/com/aventstack/extentreports/4.0.8/extentreports-4.0.8.jar!/com/aventstack/extentreports/view/v3html/v3-html-index.ftl"
2023-05-25 16:23:01 DEBUG cache:45 - Couldn't find template in cache for "v3html/v3-html-head.ftl"("en", UTF-8, parsed); will try to load it.
2023-05-25 16:23:01 DEBUG cache:45 - TemplateLoader.findTemplateSource("v3html/v3-html-head_en.ftl"): Not found
2023-05-25 16:23:01 DEBUG cache:45 - TemplateLoader.findTemplateSource("v3html/v3-html-head.ftl"): Found
2023-05-25 16:23:01 DEBUG cache:45 - Loading template for "v3html/v3-html-head.ftl"("en", UTF-8, parsed) from "jar:file:/C:/Users/Admin/.m2/repository/com/aventstack/extentreports/4.0.8/extentreports-4.0.8.jar!/com/aventstack/extentreports/view/v3html/v3-html-head.ftl"
2023-05-25 16:23:01 DEBUG cache:45 - Couldn't find template in cache for "v3html/v3-html-nav.ftl"("en", UTF-8, parsed); will try to load it.
2023-05-25 16:23:01 DEBUG cache:45 - TemplateLoader.findTemplateSource("v3html/v3-html-nav_en.ftl"): Not found
2023-05-25 16:23:01 DEBUG cache:45 - TemplateLoader.findTemplateSource("v3html/v3-html-nav.ftl"): Found
2023-05-25 16:23:01 DEBUG cache:45 - Loading template for "v3html/v3-html-nav.ftl"("en", UTF-8, parsed) from "jar:file:/C:/Users/Admin/.m2/repository/com/aventstack/extentreports/4.0.8/extentreports-4.0.8.jar!/com/aventstack/extentreports/view/v3html/v3-html-nav.ftl"
2023-05-25 16:23:02 DEBUG cache:45 - Couldn't find template in cache for "v3html/test-view/v3-html-test-view.ftl"("en", UTF-8, parsed); will try to load it.
2023-05-25 16:23:02 DEBUG cache:45 - TemplateLoader.findTemplateSource("v3html/test-view/v3-html-test-view_en.ftl"): Not found
2023-05-25 16:23:02 DEBUG cache:45 - TemplateLoader.findTemplateSource("v3html/test-view/v3-html-test-view.ftl"): Found
2023-05-25 16:23:02 DEBUG cache:45 - Loading template for "v3html/test-view/v3-html-test-view.ftl"("en", UTF-8, parsed) from "jar:file:/C:/Users/Admin/.m2/repository/com/aventstack/extentreports/4.0.8/extentreports-4.0.8.jar!/com/aventstack/extentreports/view/v3html/test-view/v3-html-test-view.ftl"
2023-05-25 16:23:02 DEBUG cache:45 - Couldn't find template in cache for "v3html/test-view/v3-html-test-view-charts.ftl"("en", UTF-8, parsed); will try to load it.
2023-05-25 16:23:02 DEBUG cache:45 - TemplateLoader.findTemplateSource("v3html/test-view/v3-html-test-view-charts_en.ftl"): Not found
2023-05-25 16:23:02 DEBUG cache:45 - TemplateLoader.findTemplateSource("v3html/test-view/v3-html-test-view-charts.ftl"): Found
2023-05-25 16:23:02 DEBUG cache:45 - Loading template for "v3html/test-view/v3-html-test-view-charts.ftl"("en", UTF-8, parsed) from "jar:file:/C:/Users/Admin/.m2/repository/com/aventstack/extentreports/4.0.8/extentreports-4.0.8.jar!/com/aventstack/extentreports/view/v3html/test-view/v3-html-test-view-charts.ftl"
2023-05-25 16:23:02 DEBUG cache:45 - Couldn't find template in cache for "v3html/test-view/v3-html-standard.ftl"("en", UTF-8, parsed); will try to load it.
2023-05-25 16:23:02 DEBUG cache:45 - TemplateLoader.findTemplateSource("v3html/test-view/v3-html-standard_en.ftl"): Not found
2023-05-25 16:23:02 DEBUG cache:45 - TemplateLoader.findTemplateSource("v3html/test-view/v3-html-standard.ftl"): Found
2023-05-25 16:23:02 DEBUG cache:45 - Loading template for "v3html/test-view/v3-html-standard.ftl"("en", UTF-8, parsed) from "jar:file:/C:/Users/Admin/.m2/repository/com/aventstack/extentreports/4.0.8/extentreports-4.0.8.jar!/com/aventstack/extentreports/view/v3html/test-view/v3-html-standard.ftl"
2023-05-25 16:23:02 DEBUG cache:45 - "v3html/test-view/v3-html-standard.ftl"("en", UTF-8, parsed) cached copy not yet stale; using cached.
2023-05-25 16:23:02 DEBUG cache:45 - Couldn't find template in cache for "v3html/category-view/v3-html-category-view.ftl"("en", UTF-8, parsed); will try to load it.
2023-05-25 16:23:02 DEBUG cache:45 - TemplateLoader.findTemplateSource("v3html/category-view/v3-html-category-view_en.ftl"): Not found
2023-05-25 16:23:02 DEBUG cache:45 - TemplateLoader.findTemplateSource("v3html/category-view/v3-html-category-view.ftl"): Found
2023-05-25 16:23:02 DEBUG cache:45 - Loading template for "v3html/category-view/v3-html-category-view.ftl"("en", UTF-8, parsed) from "jar:file:/C:/Users/Admin/.m2/repository/com/aventstack/extentreports/4.0.8/extentreports-4.0.8.jar!/com/aventstack/extentreports/view/v3html/category-view/v3-html-category-view.ftl"
2023-05-25 16:23:02 DEBUG cache:45 - Couldn't find template in cache for "v3html/exception-view/v3-html-exception-view.ftl"("en", UTF-8, parsed); will try to load it.
2023-05-25 16:23:02 DEBUG cache:45 - TemplateLoader.findTemplateSource("v3html/exception-view/v3-html-exception-view_en.ftl"): Not found
2023-05-25 16:23:02 DEBUG cache:45 - TemplateLoader.findTemplateSource("v3html/exception-view/v3-html-exception-view.ftl"): Found
2023-05-25 16:23:02 DEBUG cache:45 - Loading template for "v3html/exception-view/v3-html-exception-view.ftl"("en", UTF-8, parsed) from "jar:file:/C:/Users/Admin/.m2/repository/com/aventstack/extentreports/4.0.8/extentreports-4.0.8.jar!/com/aventstack/extentreports/view/v3html/exception-view/v3-html-exception-view.ftl"
2023-05-25 16:23:02 DEBUG cache:45 - Couldn't find template in cache for "v3html/author-view/v3-html-author-view.ftl"("en", UTF-8, parsed); will try to load it.
2023-05-25 16:23:02 DEBUG cache:45 - TemplateLoader.findTemplateSource("v3html/author-view/v3-html-author-view_en.ftl"): Not found
2023-05-25 16:23:02 DEBUG cache:45 - TemplateLoader.findTemplateSource("v3html/author-view/v3-html-author-view.ftl"): Found
2023-05-25 16:23:02 DEBUG cache:45 - Loading template for "v3html/author-view/v3-html-author-view.ftl"("en", UTF-8, parsed) from "jar:file:/C:/Users/Admin/.m2/repository/com/aventstack/extentreports/4.0.8/extentreports-4.0.8.jar!/com/aventstack/extentreports/view/v3html/author-view/v3-html-author-view.ftl"
2023-05-25 16:23:02 DEBUG cache:45 - Couldn't find template in cache for "v3html/dashboard-view/v3-html-dashboard-view.ftl"("en", UTF-8, parsed); will try to load it.
2023-05-25 16:23:02 DEBUG cache:45 - TemplateLoader.findTemplateSource("v3html/dashboard-view/v3-html-dashboard-view_en.ftl"): Not found
2023-05-25 16:23:02 DEBUG cache:45 - TemplateLoader.findTemplateSource("v3html/dashboard-view/v3-html-dashboard-view.ftl"): Found
2023-05-25 16:23:02 DEBUG cache:45 - Loading template for "v3html/dashboard-view/v3-html-dashboard-view.ftl"("en", UTF-8, parsed) from "jar:file:/C:/Users/Admin/.m2/repository/com/aventstack/extentreports/4.0.8/extentreports-4.0.8.jar!/com/aventstack/extentreports/view/v3html/dashboard-view/v3-html-dashboard-view.ftl"
2023-05-25 16:23:02 DEBUG cache:45 - Couldn't find template in cache for "v3html/logs-view/v3-html-testrunner-logs-view.ftl"("en", UTF-8, parsed); will try to load it.
2023-05-25 16:23:02 DEBUG cache:45 - TemplateLoader.findTemplateSource("v3html/logs-view/v3-html-testrunner-logs-view_en.ftl"): Not found
2023-05-25 16:23:02 DEBUG cache:45 - TemplateLoader.findTemplateSource("v3html/logs-view/v3-html-testrunner-logs-view.ftl"): Found
2023-05-25 16:23:02 DEBUG cache:45 - Loading template for "v3html/logs-view/v3-html-testrunner-logs-view.ftl"("en", UTF-8, parsed) from "jar:file:/C:/Users/Admin/.m2/repository/com/aventstack/extentreports/4.0.8/extentreports-4.0.8.jar!/com/aventstack/extentreports/view/v3html/logs-view/v3-html-testrunner-logs-view.ftl"
